2025-06-01 23:43:38,965 - INFO - [__main__] - ================================================================================
2025-06-01 23:43:38,965 - INFO - [__main__] - PYICS SYSTEMATIC ARCHITECTURE CLEANUP EXECUTION
2025-06-01 23:43:38,965 - INFO - [__main__] - Engineering Lead: Nnamdi Okpala / OBINexus Computing
2025-06-01 23:43:38,965 - INFO - [__main__] - Methodology: Waterfall-based systematic implementation
2025-06-01 23:43:38,966 - INFO - [__main__] - ================================================================================
2025-06-01 23:43:38,966 - INFO - [__main__] - Executing phase_1_backup: Comprehensive backup and structure analysis
2025-06-01 23:43:38,989 - INFO - [__main__] - ✅ phase_1_backup completed successfully
2025-06-01 23:43:38,990 - INFO - [__main__] - Executing phase_2_domain_consolidation: Domain redundancy elimination
2025-06-01 23:43:38,990 - INFO - [__main__] - Domain validation not found, skipping
2025-06-01 23:43:38,990 - INFO - [__main__] - Domain transforms not found, skipping
2025-06-01 23:43:38,990 - INFO - [__main__] - Domain logic not found, skipping
2025-06-01 23:43:38,991 - INFO - [__main__] - ✅ phase_2_domain_consolidation completed successfully
2025-06-01 23:43:38,991 - INFO - [__main__] - Executing phase_3_structure_flattening: Complex structure elimination
2025-06-01 23:43:38,991 - INFO - [__main__] - ✅ phase_3_structure_flattening completed successfully
2025-06-01 23:43:38,991 - INFO - [__main__] - Executing phase_4_load_order_implementation: Single-pass load order configuration
2025-06-01 23:43:38,992 - ERROR - [__main__] - Systematic cleanup failed: Phase phase_4_load_order_implementation failed: [Errno 2] No such file or directory: '/mnt/c/Users/OBINexus/Projects/Packages/pyics/pyics/pyics/core/ioc_registry.py'
2025-06-01 23:43:38,992 - ERROR - [__main__] - Systematic cleanup failed. Rollback options available:
2025-06-01 23:43:38,992 - ERROR - [__main__] - Backup root: /mnt/c/Users/OBINexus/Projects/Packages/pyics/pyics/systematic_cleanup_backup
2025-06-01 23:43:38,992 - ERROR - [__main__] - Rollback point 1: phase_1_backup at 2025-06-01T23:43:38.989712
2025-06-01 23:43:38,992 - ERROR - [__main__] - Rollback point 2: phase_2_domain_consolidation at 2025-06-01T23:43:38.991038
2025-06-01 23:43:38,993 - ERROR - [__main__] - Rollback point 3: phase_3_structure_flattening at 2025-06-01T23:43:38.991444
2025-06-01 23:43:38,993 - ERROR - [__main__] - Rollback point 4: phase_4_load_order_implementation at 2025-06-01T23:43:38.992011
