2025-05-31 17:36:04 - Starting core implementation routing process
2025-05-31 17:36:04 - Validating core routing environment...
[0;32m✅ Environment validation complete[0m
2025-05-31 17:36:04 - Creating routing backup...
[0;32m✅ Backup created: core_routing_backup_20250531_173604[0m
2025-05-31 17:36:04 - Routing implementation files to domain directories...
[0;32m✅ Routed: lambda.py → composition/implementations/lambda_calculus.py[0m
[0;32m✅ Routed: transforms.py → transformations/implementations/pure_transforms.py[0m
[0;32m✅ Routed: structures.py → structures/implementations/immutable_structures.py[0m
2025-05-31 17:36:04 - Updating domain initialization files with metadata...
[0;32m✅ Updated domain initialization: protocols[0m
[0;32m✅ Updated domain initialization: structures[0m
[0;32m✅ Updated domain initialization: routing[0m
[0;32m✅ Updated domain initialization: validation[0m
[0;32m✅ Updated domain initialization: transformations[0m
[0;32m✅ Updated domain initialization: safety[0m
[0;32m✅ Updated domain initialization: composition[0m
[0;32m✅ Updated domain initialization: registry[0m
[0;32m✅ Updated domain initialization: primitives[0m
[0;32m✅ Updated domain initialization: validators[0m
2025-05-31 17:36:04 - Validating routing completion...
[0;32m✅ Routing validation complete - no errors detected[0m
2025-05-31 17:36:04 - Generating routing completion report...
[0;32m✅ Routing report generated: CORE_ROUTING_REPORT.md[0m
2025-05-31 17:36:04 - Core implementation routing completed successfully
2025-05-31 17:36:04 - Routing script execution completed - awaiting next directive
