2025-05-31 16:58:18 - Starting DOP foundation bootstrap process
2025-05-31 16:58:18 - Validating development environment...
[0;32m✅ Environment validation complete[0m
2025-05-31 16:58:18 - Creating backup of existing core directory...
[0;32m✅ Backup created: pyics_backup_20250531_165818[0m
2025-05-31 16:58:18 - Creating DOP foundation directory structure...
[0;32m✅ Core directory structure created[0m
2025-05-31 16:58:18 - Initializing Python module structure...
[0;32m✅ Python modules initialized[0m
2025-05-31 16:58:18 - Creating lambda calculus foundation...
[0;32m✅ Lambda calculus foundation created[0m
2025-05-31 16:58:18 - Creating immutable data structures...
[0;32m✅ Immutable data structures created[0m
2025-05-31 16:58:18 - Creating base transformation functions...
[0;32m✅ Base transformation functions created[0m
2025-05-31 16:58:18 - Creating validation framework...
[0;32m✅ Validation framework created[0m
2025-05-31 16:58:18 - Creating core module initialization...
[0;32m✅ Core module initialization created[0m
2025-05-31 16:58:18 - Creating foundation test suite...
[0;32m✅ Foundation test suite created[0m
2025-05-31 16:58:18 - Creating foundation documentation...
[0;32m✅ Foundation documentation created[0m
2025-05-31 16:58:18 - Validating DOP foundation installation...
[0;34mℹ️  Validating Python syntax...[0m
[0;32m✅ DOP foundation installation validated[0m
2025-05-31 16:58:18 - Generating installation report...
[0;32m✅ Installation report generated: DOP_FOUNDATION_REPORT.md[0m
2025-05-31 16:58:18 - DOP foundation bootstrap completed successfully
2025-05-31 16:58:18 - Bootstrap script execution completed
