2025-05-31 18:16:00 - === Pyics Phase 3.1.6.1 Modular Scaffolding ===
2025-05-31 18:16:00 - Engineering Lead: Nnamdi Okpala / OBINexus Computing
2025-05-31 18:16:00 - Architecture: Single-Pass RIFT with ABC Contract Extensions
2025-05-31 18:16:00 - ==================================================
2025-05-31 18:16:00 - Creating backup of current core structure...
2025-05-31 18:16:00 - Backup created successfully: modular_backup/backup_20250531_181600
2025-05-31 18:16:00 - Creating modular structure with ABC contracts...
2025-05-31 18:16:00 - Processing domain: primitives (4 modules)
2025-05-31 18:16:00 -   Created: atomic_operations.py
2025-05-31 18:16:00 -   Created: utility_operations.py
2025-05-31 18:16:00 -   Created: mathematical_utilities.py
2025-05-31 18:16:00 -   Created: performance_monitoring.py
2025-05-31 18:16:00 -   Created: __init__.py with ABC coordination
2025-05-31 18:16:00 - Processing domain: protocols (4 modules)
2025-05-31 18:16:00 -   Created: rift_interfaces.py
2025-05-31 18:16:00 -   Created: validation_protocols.py
2025-05-31 18:16:00 -   Created: transformation_protocols.py
2025-05-31 18:16:00 -   Created: domain_contracts.py
2025-05-31 18:16:00 -   Created: __init__.py with ABC coordination
2025-05-31 18:16:00 - Processing domain: structures (5 modules)
2025-05-31 18:16:00 -   Created: enumerations.py
2025-05-31 18:16:00 -   Created: immutable_event.py
2025-05-31 18:16:00 -   Created: calendar_data.py
2025-05-31 18:16:00 -   Created: distribution_structures.py
2025-05-31 18:16:00 -   Created: audit_structures.py
2025-05-31 18:16:00 -   Created: __init__.py with ABC coordination
2025-05-31 18:16:00 - Processing domain: composition (4 modules)
2025-05-31 18:16:00 -   Created: lambda_calculus.py
2025-05-31 18:16:00 -   Created: function_composition.py
2025-05-31 18:16:00 -   Created: composition_engine.py
2025-05-31 18:16:00 -   Created: mathematical_composition.py
2025-05-31 18:16:00 -   Created: __init__.py with ABC coordination
2025-05-31 18:16:00 - Processing domain: validators (5 modules)
2025-05-31 18:16:00 -   Created: data_integrity.py
2025-05-31 18:16:00 -   Created: constraint_validation.py
2025-05-31 18:16:00 -   Created: input_validation.py
2025-05-31 18:16:00 -   Created: validation_coordinator.py
2025-05-31 18:16:00 -   Created: validation_errors.py
2025-05-31 18:16:00 -   Created: __init__.py with ABC coordination
2025-05-31 18:16:00 - Processing domain: transformations (6 modules)
2025-05-31 18:16:00 -   Created: event_transforms.py
2025-05-31 18:16:00 -   Created: calendar_transforms.py
2025-05-31 18:16:00 -   Created: format_transforms.py
2025-05-31 18:16:00 -   Created: aggregation_transforms.py
2025-05-31 18:16:00 -   Created: legacy_transforms.py
2025-05-31 18:16:00 -   Created: transformation_composer.py
2025-05-31 18:16:00 -   Created: __init__.py with ABC coordination
2025-05-31 18:16:00 - Processing domain: registry (4 modules)
2025-05-31 18:16:00 -   Created: component_registry.py
2025-05-31 18:16:00 -   Created: discovery_service.py
2025-05-31 18:16:00 -   Created: lifecycle_management.py
2025-05-31 18:16:00 -   Created: registration_contracts.py
2025-05-31 18:16:00 -   Created: __init__.py with ABC coordination
2025-05-31 18:16:00 - Processing domain: routing (4 modules)
2025-05-31 18:16:00 -   Created: execution_coordination.py
2025-05-31 18:16:00 -   Created: pipeline_routing.py
2025-05-31 18:16:00 -   Created: dependency_resolution.py
2025-05-31 18:16:00 -   Created: routing_contracts.py
2025-05-31 18:16:00 -   Created: __init__.py with ABC coordination
2025-05-31 18:16:00 - Processing domain: safety (4 modules)
2025-05-31 18:16:00 -   Created: thread_safety.py
2025-05-31 18:16:00 -   Created: concurrent_guards.py
2025-05-31 18:16:00 -   Created: atomic_locks.py
2025-05-31 18:16:00 -   Created: safety_contracts.py
2025-05-31 18:16:00 -   Created: __init__.py with ABC coordination
2025-05-31 18:16:00 - Modular structure created: 9 domains, 40 modules
2025-05-31 18:16:00 - Validating modular structure...
2025-05-31 18:16:00 - Structure validation passed successfully
2025-05-31 18:16:00 - Structure report generated: modular_structure_report_20250531_181600.md
2025-05-31 18:16:00 - ==================================================
2025-05-31 18:16:00 - ✅ Phase 3.1.6.1 Scaffolding Complete
2025-05-31 18:16:00 - ✅ ABC Contract Architecture Implemented
2025-05-31 18:16:00 - ✅ Modular Problem Classification Established
2025-05-31 18:16:00 - ✅ Dependency Isolation Maintained
2025-05-31 18:16:00 - ==================================================
2025-05-31 18:16:00 - Next Steps:
2025-05-31 18:16:00 - 1. Review generated module stubs for problem classification accuracy
2025-05-31 18:16:00 - 2. Implement specific logic in each module following ABC contracts
2025-05-31 18:16:00 - 3. Execute unit testing for each module independently
2025-05-31 18:16:00 - 4. Validate integration testing at system level
2025-05-31 18:16:00 - Backup available at: modular_backup/backup_20250531_181600
2025-05-31 18:16:00 - Full log available at: modular_scaffolding_20250531_181600.log
