[2025-05-31 18:56:35] [INFO] Starting Pyics Primitives Domain Scaffolding
[2025-05-31 18:56:35] [INFO] ==================================================
[2025-05-31 18:56:35] [INFO] Validating execution environment...
[2025-05-31 18:56:35] [SUCCESS] Environment validation complete
[2025-05-31 18:56:35] [INFO] Existing primitives directory found, creating backup...
[2025-05-31 18:56:35] [SUCCESS] Backup created at: scaffolding_backup_20250531_185635
[2025-05-31 18:56:35] [INFO] Creating primitives domain directory structure...
[2025-05-31 18:56:35] [SUCCESS] Directory structure created: refactored/core/primitives
[2025-05-31 18:56:35] [INFO] Generating data_types.py...
[2025-05-31 18:56:35] [SUCCESS] Generated data_types.py with atomic data type foundations
[2025-05-31 18:56:35] [INFO] Generating operations.py...
[2025-05-31 18:56:35] [SUCCESS] Generated operations.py with atomic operation foundations
[2025-05-31 18:56:35] [INFO] Generating __init__.py with dynamic exports...
[2025-05-31 18:56:35] [SUCCESS] Generated comprehensive __init__.py with dynamic exports
[2025-05-31 18:56:35] [INFO] Validating generated primitives domain structure...
[2025-05-31 18:56:35] [SUCCESS] Structure validation passed - all files present and valid
[2025-05-31 18:56:35] [SUCCESS] ==================================================
[2025-05-31 18:56:35] [SUCCESS] Primitives Domain Scaffolding Complete
[2025-05-31 18:56:35] [SUCCESS] Target: refactored/core/primitives
[2025-05-31 18:56:35] [SUCCESS] Log: primitives_scaffolding_20250531_185635.log
[2025-05-31 18:56:35] [SUCCESS] Backup: scaffolding_backup_20250531_185635
[2025-05-31 18:56:35] [SUCCESS] ==================================================
