2025-06-01 23:58:22,404 - INFO - [BOOLEAN_CORRECTOR] - ================================================================================
2025-06-01 23:58:22,404 - INFO - [BOOLEAN_CORRECTOR] - PYICS PYTHON BOOLEAN SYNTAX CORRECTION
2025-06-01 23:58:22,404 - INFO - [BOOLEAN_CORRECTOR] - Engineering Lead: Nnamdi Okpala / OBINexus Computing
2025-06-01 23:58:22,405 - INFO - [BOOLEAN_CORRECTOR] - Methodology: Systematic Python language compliance correction
2025-06-01 23:58:22,405 - INFO - [BOOLEAN_CORRECTOR] - ================================================================================
2025-06-01 23:58:22,423 - INFO - [BOOLEAN_CORRECTOR] - Phase 1: Discovering Python files for boolean syntax correction
2025-06-01 23:58:24,185 - INFO - [BOOLEAN_CORRECTOR] - Discovered 343 Python files for boolean syntax analysis
2025-06-01 23:58:24,185 - INFO - [BOOLEAN_CORRECTOR] - Phase 2: Applying boolean syntax corrections
2025-06-01 23:58:24,212 - INFO - [BOOLEAN_CORRECTOR] - Corrected boolean syntax violations in: /mnt/c/Users/OBINexus/Projects/Packages/pyics/pyics/core/primitives/config.py
2025-06-01 23:58:24,212 - INFO - [BOOLEAN_CORRECTOR] -   \btrue\b → True (1 occurrences)
2025-06-01 23:58:24,212 - INFO - [BOOLEAN_CORRECTOR] -   \bfalse\b → False (2 occurrences)
2025-06-01 23:58:24,228 - INFO - [BOOLEAN_CORRECTOR] - Corrected boolean syntax violations in: /mnt/c/Users/OBINexus/Projects/Packages/pyics/pyics/core/protocols/config.py
2025-06-01 23:58:24,229 - INFO - [BOOLEAN_CORRECTOR] -   \btrue\b → True (1 occurrences)
2025-06-01 23:58:24,229 - INFO - [BOOLEAN_CORRECTOR] -   \bfalse\b → False (2 occurrences)
2025-06-01 23:58:24,296 - INFO - [BOOLEAN_CORRECTOR] - Corrected boolean syntax violations in: /mnt/c/Users/OBINexus/Projects/Packages/pyics/pyics/core/structures/config.py
2025-06-01 23:58:24,296 - INFO - [BOOLEAN_CORRECTOR] -   \btrue\b → True (1 occurrences)
2025-06-01 23:58:24,296 - INFO - [BOOLEAN_CORRECTOR] -   \bfalse\b → False (2 occurrences)
2025-06-01 23:58:24,615 - INFO - [BOOLEAN_CORRECTOR] - Corrected boolean syntax violations in: /mnt/c/Users/OBINexus/Projects/Packages/pyics/systematic_cleanup_backup/phase_1_backup_20250601_234949/core_original/primitives/config.py
2025-06-01 23:58:24,615 - INFO - [BOOLEAN_CORRECTOR] -   \btrue\b → True (1 occurrences)
2025-06-01 23:58:24,615 - INFO - [BOOLEAN_CORRECTOR] -   \bfalse\b → False (2 occurrences)
2025-06-01 23:58:24,623 - INFO - [BOOLEAN_CORRECTOR] - Corrected boolean syntax violations in: /mnt/c/Users/OBINexus/Projects/Packages/pyics/systematic_cleanup_backup/phase_1_backup_20250601_234949/core_original/protocols/config.py
2025-06-01 23:58:24,623 - INFO - [BOOLEAN_CORRECTOR] -   \btrue\b → True (1 occurrences)
2025-06-01 23:58:24,624 - INFO - [BOOLEAN_CORRECTOR] -   \bfalse\b → False (2 occurrences)
2025-06-01 23:58:24,644 - INFO - [BOOLEAN_CORRECTOR] - Corrected boolean syntax violations in: /mnt/c/Users/OBINexus/Projects/Packages/pyics/systematic_cleanup_backup/phase_1_backup_20250601_234949/core_original/structures/config.py
2025-06-01 23:58:24,644 - INFO - [BOOLEAN_CORRECTOR] -   \btrue\b → True (1 occurrences)
2025-06-01 23:58:24,644 - INFO - [BOOLEAN_CORRECTOR] -   \bfalse\b → False (2 occurrences)
2025-06-01 23:58:24,889 - INFO - [BOOLEAN_CORRECTOR] - Boolean syntax correction completed: 18 corrections applied
2025-06-01 23:58:24,890 - INFO - [BOOLEAN_CORRECTOR] - Phase 3: Validating corrected Python syntax
2025-06-01 23:58:24,893 - INFO - [BOOLEAN_CORRECTOR] - ✅ Syntax validation passed: /mnt/c/Users/OBINexus/Projects/Packages/pyics/pyics/core/primitives/config.py
2025-06-01 23:58:24,896 - INFO - [BOOLEAN_CORRECTOR] - ✅ Syntax validation passed: /mnt/c/Users/OBINexus/Projects/Packages/pyics/pyics/core/protocols/config.py
2025-06-01 23:58:24,898 - INFO - [BOOLEAN_CORRECTOR] - ✅ Syntax validation passed: /mnt/c/Users/OBINexus/Projects/Packages/pyics/pyics/core/structures/config.py
2025-06-01 23:58:24,901 - INFO - [BOOLEAN_CORRECTOR] - ✅ Syntax validation passed: /mnt/c/Users/OBINexus/Projects/Packages/pyics/systematic_cleanup_backup/phase_1_backup_20250601_234949/core_original/primitives/config.py
2025-06-01 23:58:24,904 - INFO - [BOOLEAN_CORRECTOR] - ✅ Syntax validation passed: /mnt/c/Users/OBINexus/Projects/Packages/pyics/systematic_cleanup_backup/phase_1_backup_20250601_234949/core_original/protocols/config.py
2025-06-01 23:58:24,907 - INFO - [BOOLEAN_CORRECTOR] - ✅ Syntax validation passed: /mnt/c/Users/OBINexus/Projects/Packages/pyics/systematic_cleanup_backup/phase_1_backup_20250601_234949/core_original/structures/config.py
2025-06-01 23:58:24,907 - INFO - [BOOLEAN_CORRECTOR] - Syntax validation completed: 100.0% success rate
2025-06-01 23:58:24,908 - INFO - [BOOLEAN_CORRECTOR] - Boolean syntax correction report generated: /mnt/c/Users/OBINexus/Projects/Packages/pyics/pyics_boolean_correction_report_20250601_235824.md
