2025-05-31 19:09:45,720 - INFO - ======================================================================
2025-05-31 19:09:45,720 - INFO - Pyics Enhanced Data Structure Integration - Single-Pass with Scaffolding
2025-05-31 19:09:45,720 - INFO - Engineering Lead: Nnamdi Okpala / OBINexus Computing
2025-05-31 19:09:45,720 - INFO - ACEO Mode: Automated Core Extension Operations Enabled
2025-05-31 19:09:45,720 - INFO - ======================================================================
2025-05-31 19:09:45,720 - INFO - Starting enhanced data structure integration with scaffolding...
2025-05-31 19:09:45,721 - INFO - Scaffolded 3 modules for domain: pyics
2025-05-31 19:09:45,721 - INFO - Scaffolded 3 modules in domain: pyics
2025-05-31 19:09:45,721 - INFO - Found data_types.py in domain: pyics
2025-05-31 19:09:45,722 - INFO - Scaffolded 3 modules for domain: core
2025-05-31 19:09:45,722 - INFO - Scaffolded 3 modules in domain: core
2025-05-31 19:09:45,722 - INFO - Found data_types.py in domain: core
2025-05-31 19:09:45,722 - INFO - Scaffolded 3 modules for domain: transforms
2025-05-31 19:09:45,722 - INFO - Scaffolded 3 modules in domain: transforms
2025-05-31 19:09:45,722 - INFO - Found data_types.py in domain: transforms
2025-05-31 19:09:45,723 - INFO - Scaffolded 4 modules for domain: transforms/formatting
2025-05-31 19:09:45,723 - INFO - Scaffolded 4 modules in domain: transforms/formatting
2025-05-31 19:09:45,723 - INFO - Found data_types.py in domain: transforms/formatting
2025-05-31 19:09:45,724 - INFO - Scaffolded 3 modules for domain: transforms
2025-05-31 19:09:45,724 - INFO - Scaffolded 3 modules in domain: transforms
2025-05-31 19:09:45,724 - INFO - Found data_types.py in domain: transforms
2025-05-31 19:09:45,724 - INFO - Scaffolded 4 modules for domain: transforms/pipeline
2025-05-31 19:09:45,725 - INFO - Scaffolded 4 modules in domain: transforms/pipeline
2025-05-31 19:09:45,725 - INFO - Found data_types.py in domain: transforms/pipeline
2025-05-31 19:09:45,725 - INFO - Scaffolded 3 modules for domain: transforms
2025-05-31 19:09:45,725 - INFO - Scaffolded 3 modules in domain: transforms
2025-05-31 19:09:45,725 - INFO - Found data_types.py in domain: transforms
2025-05-31 19:09:45,726 - INFO - Scaffolded 4 modules for domain: transforms/validation
2025-05-31 19:09:45,726 - INFO - Scaffolded 4 modules in domain: transforms/validation
2025-05-31 19:09:45,726 - INFO - Found data_types.py in domain: transforms/validation
2025-05-31 19:09:45,726 - INFO - Scaffolded 3 modules for domain: transforms
2025-05-31 19:09:45,726 - INFO - Scaffolded 3 modules in domain: transforms
2025-05-31 19:09:45,726 - INFO - Found data_types.py in domain: transforms
2025-05-31 19:09:45,727 - INFO - Scaffolded 4 modules for domain: transforms/aggregation
2025-05-31 19:09:45,727 - INFO - Scaffolded 4 modules in domain: transforms/aggregation
2025-05-31 19:09:45,727 - INFO - Found data_types.py in domain: transforms/aggregation
2025-05-31 19:09:45,727 - INFO - Scaffolded 4 modules for domain: transforms
2025-05-31 19:09:45,727 - INFO - Scaffolded 4 modules in domain: transforms
2025-05-31 19:09:45,727 - INFO - Found data_types.py in domain: transforms
2025-05-31 19:09:45,728 - INFO - Scaffolded 3 modules for domain: core
2025-05-31 19:09:45,728 - INFO - Scaffolded 3 modules in domain: core
2025-05-31 19:09:45,728 - INFO - Found data_types.py in domain: core
2025-05-31 19:09:45,728 - INFO - Scaffolded 3 modules for domain: protocols
2025-05-31 19:09:45,728 - INFO - Scaffolded 3 modules in domain: protocols
2025-05-31 19:09:45,728 - INFO - Found data_types.py in domain: protocols
2025-05-31 19:09:45,729 - INFO - Scaffolded 3 modules for domain: protocols
2025-05-31 19:09:45,729 - INFO - Scaffolded 3 modules in domain: protocols
2025-05-31 19:09:45,729 - INFO - Found data_types.py in domain: protocols
2025-05-31 19:09:45,729 - INFO - Scaffolded 3 modules for domain: protocols
2025-05-31 19:09:45,729 - INFO - Scaffolded 3 modules in domain: protocols
2025-05-31 19:09:45,729 - INFO - Found data_types.py in domain: protocols
2025-05-31 19:09:45,730 - INFO - Scaffolded 4 modules for domain: protocols/compliance
2025-05-31 19:09:45,730 - INFO - Scaffolded 4 modules in domain: protocols/compliance
2025-05-31 19:09:45,730 - INFO - Found data_types.py in domain: protocols/compliance
2025-05-31 19:09:45,730 - INFO - Scaffolded 3 modules for domain: protocols
2025-05-31 19:09:45,731 - INFO - Scaffolded 3 modules in domain: protocols
2025-05-31 19:09:45,731 - INFO - Found data_types.py in domain: protocols
2025-05-31 19:09:45,731 - INFO - Scaffolded 4 modules for domain: protocols/contracts
2025-05-31 19:09:45,731 - INFO - Scaffolded 4 modules in domain: protocols/contracts
2025-05-31 19:09:45,731 - INFO - Found data_types.py in domain: protocols/contracts
2025-05-31 19:09:45,732 - INFO - Scaffolded 3 modules for domain: protocols
2025-05-31 19:09:45,732 - INFO - Scaffolded 3 modules in domain: protocols
2025-05-31 19:09:45,732 - INFO - Found data_types.py in domain: protocols
2025-05-31 19:09:45,732 - INFO - Scaffolded 4 modules for domain: protocols/interfaces
2025-05-31 19:09:45,732 - INFO - Scaffolded 4 modules in domain: protocols/interfaces
2025-05-31 19:09:45,732 - INFO - Found data_types.py in domain: protocols/interfaces
2025-05-31 19:09:45,733 - INFO - Scaffolded 4 modules for domain: protocols
2025-05-31 19:09:45,733 - INFO - Scaffolded 4 modules in domain: protocols
2025-05-31 19:09:45,733 - INFO - Found data_types.py in domain: protocols
2025-05-31 19:09:45,733 - INFO - Scaffolded 3 modules for domain: core
2025-05-31 19:09:45,733 - INFO - Scaffolded 3 modules in domain: core
2025-05-31 19:09:45,733 - INFO - Found data_types.py in domain: core
2025-05-31 19:09:45,734 - INFO - Scaffolded 3 modules for domain: routing
2025-05-31 19:09:45,734 - INFO - Scaffolded 3 modules in domain: routing
2025-05-31 19:09:45,734 - INFO - Found data_types.py in domain: routing
2025-05-31 19:09:45,734 - INFO - Scaffolded 3 modules for domain: routing
2025-05-31 19:09:45,734 - INFO - Scaffolded 3 modules in domain: routing
2025-05-31 19:09:45,734 - INFO - Found data_types.py in domain: routing
2025-05-31 19:09:45,735 - INFO - Scaffolded 3 modules for domain: routing
2025-05-31 19:09:45,735 - INFO - Scaffolded 3 modules in domain: routing
2025-05-31 19:09:45,735 - INFO - Found data_types.py in domain: routing
2025-05-31 19:09:45,735 - INFO - Scaffolded 3 modules for domain: core
2025-05-31 19:09:45,735 - INFO - Scaffolded 3 modules in domain: core
2025-05-31 19:09:45,735 - INFO - Found data_types.py in domain: core
2025-05-31 19:09:45,736 - INFO - Scaffolded 3 modules for domain: logic
2025-05-31 19:09:45,736 - INFO - Scaffolded 3 modules in domain: logic
2025-05-31 19:09:45,736 - INFO - Found data_types.py in domain: logic
2025-05-31 19:09:45,736 - INFO - Scaffolded 4 modules for domain: logic/functional
2025-05-31 19:09:45,736 - INFO - Scaffolded 4 modules in domain: logic/functional
2025-05-31 19:09:45,736 - INFO - Found data_types.py in domain: logic/functional
2025-05-31 19:09:45,737 - INFO - Scaffolded 3 modules for domain: logic
2025-05-31 19:09:45,737 - INFO - Scaffolded 3 modules in domain: logic
2025-05-31 19:09:45,737 - INFO - Found data_types.py in domain: logic
2025-05-31 19:09:45,737 - INFO - Scaffolded 4 modules for domain: logic/mathematical
2025-05-31 19:09:45,737 - INFO - Scaffolded 4 modules in domain: logic/mathematical
2025-05-31 19:09:45,737 - INFO - Found data_types.py in domain: logic/mathematical
2025-05-31 19:09:45,738 - INFO - Scaffolded 3 modules for domain: logic
2025-05-31 19:09:45,738 - INFO - Scaffolded 3 modules in domain: logic
2025-05-31 19:09:45,738 - INFO - Found data_types.py in domain: logic
2025-05-31 19:09:45,738 - INFO - Scaffolded 4 modules for domain: logic/composition
2025-05-31 19:09:45,738 - INFO - Scaffolded 4 modules in domain: logic/composition
2025-05-31 19:09:45,738 - INFO - Found data_types.py in domain: logic/composition
2025-05-31 19:09:45,739 - INFO - Scaffolded 4 modules for domain: logic
2025-05-31 19:09:45,739 - INFO - Scaffolded 4 modules in domain: logic
2025-05-31 19:09:45,739 - INFO - Found data_types.py in domain: logic
2025-05-31 19:09:45,739 - INFO - Scaffolded 3 modules for domain: core
2025-05-31 19:09:45,739 - INFO - Scaffolded 3 modules in domain: core
2025-05-31 19:09:45,739 - INFO - Found data_types.py in domain: core
2025-05-31 19:09:45,740 - INFO - Scaffolded 3 modules for domain: validation
2025-05-31 19:09:45,740 - INFO - Scaffolded 3 modules in domain: validation
2025-05-31 19:09:45,740 - INFO - Found data_types.py in domain: validation
2025-05-31 19:09:45,740 - INFO - Scaffolded 4 modules for domain: validation/integrity
2025-05-31 19:09:45,740 - INFO - Scaffolded 4 modules in domain: validation/integrity
2025-05-31 19:09:45,740 - INFO - Found data_types.py in domain: validation/integrity
2025-05-31 19:09:45,741 - INFO - Scaffolded 3 modules for domain: validation
2025-05-31 19:09:45,741 - INFO - Scaffolded 3 modules in domain: validation
2025-05-31 19:09:45,741 - INFO - Found data_types.py in domain: validation
2025-05-31 19:09:45,741 - INFO - Scaffolded 4 modules for domain: validation/purity
2025-05-31 19:09:45,741 - INFO - Scaffolded 4 modules in domain: validation/purity
2025-05-31 19:09:45,741 - INFO - Found data_types.py in domain: validation/purity
2025-05-31 19:09:45,742 - INFO - Scaffolded 4 modules for domain: validation
2025-05-31 19:09:45,742 - INFO - Scaffolded 4 modules in domain: validation
2025-05-31 19:09:45,742 - INFO - Found data_types.py in domain: validation
2025-05-31 19:09:45,742 - INFO - Scaffolded 3 modules for domain: validation
2025-05-31 19:09:45,742 - INFO - Scaffolded 3 modules in domain: validation
2025-05-31 19:09:45,743 - INFO - Found data_types.py in domain: validation
2025-05-31 19:09:45,743 - INFO - Scaffolded 4 modules for domain: validation/performance
2025-05-31 19:09:45,743 - INFO - Scaffolded 4 modules in domain: validation/performance
2025-05-31 19:09:45,743 - INFO - Found data_types.py in domain: validation/performance
2025-05-31 19:09:45,743 - INFO - Scaffolded 3 modules for domain: core
2025-05-31 19:09:45,744 - INFO - Scaffolded 3 modules in domain: core
2025-05-31 19:09:45,744 - INFO - Found data_types.py in domain: core
2025-05-31 19:09:45,744 - INFO - Scaffolded 3 modules for domain: primitives
2025-05-31 19:09:45,744 - INFO - Scaffolded 3 modules in domain: primitives
2025-05-31 19:09:45,744 - INFO - Found data_types.py in domain: primitives
2025-05-31 19:09:45,744 - INFO - Scaffolded 3 modules for domain: primitives
2025-05-31 19:09:45,744 - INFO - Scaffolded 3 modules in domain: primitives
2025-05-31 19:09:45,745 - INFO - Found data_types.py in domain: primitives
2025-05-31 19:09:45,745 - INFO - Scaffolded 3 modules for domain: primitives
2025-05-31 19:09:45,745 - INFO - Scaffolded 3 modules in domain: primitives
2025-05-31 19:09:45,745 - INFO - Found data_types.py in domain: primitives
2025-05-31 19:09:45,746 - INFO - Scaffolded 3 modules for domain: core
2025-05-31 19:09:45,746 - INFO - Scaffolded 3 modules in domain: core
2025-05-31 19:09:45,746 - INFO - Found data_types.py in domain: core
2025-05-31 19:09:45,746 - INFO - Scaffolded 3 modules for domain: validators
2025-05-31 19:09:45,746 - INFO - Scaffolded 3 modules in domain: validators
2025-05-31 19:09:45,746 - INFO - Found data_types.py in domain: validators
2025-05-31 19:09:45,747 - INFO - Scaffolded 3 modules for domain: validators
2025-05-31 19:09:45,747 - INFO - Scaffolded 3 modules in domain: validators
2025-05-31 19:09:45,747 - INFO - Found data_types.py in domain: validators
2025-05-31 19:09:45,747 - INFO - Scaffolded 3 modules for domain: validators
2025-05-31 19:09:45,747 - INFO - Scaffolded 3 modules in domain: validators
2025-05-31 19:09:45,747 - INFO - Found data_types.py in domain: validators
2025-05-31 19:09:45,747 - INFO - Scaffolded 3 modules for domain: core
2025-05-31 19:09:45,747 - INFO - Scaffolded 3 modules in domain: core
2025-05-31 19:09:45,747 - INFO - Found data_types.py in domain: core
2025-05-31 19:09:45,748 - INFO - Scaffolded 3 modules for domain: structures
2025-05-31 19:09:45,748 - INFO - Scaffolded 3 modules in domain: structures
2025-05-31 19:09:45,748 - INFO - Found data_types.py in domain: structures
2025-05-31 19:09:45,748 - INFO - Scaffolded 3 modules for domain: structures
2025-05-31 19:09:45,748 - INFO - Scaffolded 3 modules in domain: structures
2025-05-31 19:09:45,749 - INFO - Found data_types.py in domain: structures
2025-05-31 19:09:45,749 - INFO - Scaffolded 4 modules for domain: structures/calendars
2025-05-31 19:09:45,749 - INFO - Scaffolded 4 modules in domain: structures/calendars
2025-05-31 19:09:45,749 - INFO - Found data_types.py in domain: structures/calendars
2025-05-31 19:09:45,749 - INFO - Scaffolded 3 modules for domain: structures
2025-05-31 19:09:45,749 - INFO - Scaffolded 3 modules in domain: structures
2025-05-31 19:09:45,749 - INFO - Found data_types.py in domain: structures
2025-05-31 19:09:45,750 - INFO - Scaffolded 4 modules for domain: structures/audit
2025-05-31 19:09:45,750 - INFO - Scaffolded 4 modules in domain: structures/audit
2025-05-31 19:09:45,750 - INFO - Found data_types.py in domain: structures/audit
2025-05-31 19:09:45,750 - INFO - Scaffolded 3 modules for domain: structures
2025-05-31 19:09:45,750 - INFO - Scaffolded 3 modules in domain: structures
2025-05-31 19:09:45,750 - INFO - Found data_types.py in domain: structures
2025-05-31 19:09:45,751 - INFO - Scaffolded 4 modules for domain: structures/events
2025-05-31 19:09:45,751 - INFO - Scaffolded 4 modules in domain: structures/events
2025-05-31 19:09:45,751 - INFO - Found data_types.py in domain: structures/events
2025-05-31 19:09:45,751 - INFO - Scaffolded 4 modules for domain: structures
2025-05-31 19:09:45,751 - INFO - Scaffolded 4 modules in domain: structures
2025-05-31 19:09:45,751 - INFO - Found data_types.py in domain: structures
2025-05-31 19:09:45,752 - INFO - Scaffolded 3 modules for domain: structures
2025-05-31 19:09:45,752 - INFO - Scaffolded 3 modules in domain: structures
2025-05-31 19:09:45,752 - INFO - Found data_types.py in domain: structures
2025-05-31 19:09:45,752 - INFO - Scaffolded 4 modules for domain: structures/distribution
2025-05-31 19:09:45,752 - INFO - Scaffolded 4 modules in domain: structures/distribution
2025-05-31 19:09:45,752 - INFO - Found data_types.py in domain: structures/distribution
2025-05-31 19:09:45,753 - INFO - Scaffolded 3 modules for domain: core
2025-05-31 19:09:45,753 - INFO - Scaffolded 3 modules in domain: core
2025-05-31 19:09:45,753 - INFO - Found data_types.py in domain: core
2025-05-31 19:09:45,753 - INFO - Scaffolded 3 modules for domain: composition
2025-05-31 19:09:45,753 - INFO - Scaffolded 3 modules in domain: composition
2025-05-31 19:09:45,753 - INFO - Found data_types.py in domain: composition
2025-05-31 19:09:45,754 - INFO - Scaffolded 3 modules for domain: composition
2025-05-31 19:09:45,754 - INFO - Scaffolded 3 modules in domain: composition
2025-05-31 19:09:45,754 - INFO - Found data_types.py in domain: composition
2025-05-31 19:09:45,754 - INFO - Scaffolded 3 modules for domain: composition
2025-05-31 19:09:45,754 - INFO - Scaffolded 3 modules in domain: composition
2025-05-31 19:09:45,754 - INFO - Found data_types.py in domain: composition
2025-05-31 19:09:45,755 - INFO - Scaffolded 3 modules for domain: core
2025-05-31 19:09:45,755 - INFO - Scaffolded 3 modules in domain: core
2025-05-31 19:09:45,755 - INFO - Found data_types.py in domain: core
2025-05-31 19:09:45,755 - INFO - Scaffolded 3 modules for domain: safety
2025-05-31 19:09:45,755 - INFO - Scaffolded 3 modules in domain: safety
2025-05-31 19:09:45,755 - INFO - Found data_types.py in domain: safety
2025-05-31 19:09:45,755 - INFO - Scaffolded 3 modules for domain: safety
2025-05-31 19:09:45,756 - INFO - Scaffolded 3 modules in domain: safety
2025-05-31 19:09:45,756 - INFO - Found data_types.py in domain: safety
2025-05-31 19:09:45,756 - INFO - Scaffolded 3 modules for domain: safety
2025-05-31 19:09:45,756 - INFO - Scaffolded 3 modules in domain: safety
2025-05-31 19:09:45,756 - INFO - Found data_types.py in domain: safety
2025-05-31 19:09:45,757 - INFO - Scaffolded 3 modules for domain: core
2025-05-31 19:09:45,757 - INFO - Scaffolded 3 modules in domain: core
2025-05-31 19:09:45,757 - INFO - Found data_types.py in domain: core
2025-05-31 19:09:45,757 - INFO - Scaffolded 4 modules for domain: registry/versioned
2025-05-31 19:09:45,757 - INFO - Scaffolded 4 modules in domain: registry/versioned
2025-05-31 19:09:45,757 - INFO - Found data_types.py in domain: registry/versioned
2025-05-31 19:09:45,758 - INFO - Scaffolded 4 modules for domain: registry/migration
2025-05-31 19:09:45,758 - INFO - Scaffolded 4 modules in domain: registry/migration
2025-05-31 19:09:45,758 - INFO - Found data_types.py in domain: registry/migration
2025-05-31 19:09:45,759 - INFO - Scaffolded 4 modules for domain: registry/global
2025-05-31 19:09:45,759 - INFO - Scaffolded 4 modules in domain: registry/global
2025-05-31 19:09:45,759 - INFO - Found data_types.py in domain: registry/global
2025-05-31 19:09:45,760 - INFO - Scaffolded 4 modules for domain: core
2025-05-31 19:09:45,760 - INFO - Scaffolded 4 modules in domain: core
2025-05-31 19:09:45,760 - INFO - Found data_types.py in domain: core
2025-05-31 19:09:45,760 - INFO - Scaffolded 3 modules for domain: core
2025-05-31 19:09:45,760 - INFO - Scaffolded 3 modules in domain: core
2025-05-31 19:09:45,760 - INFO - Found data_types.py in domain: core
2025-05-31 19:09:45,761 - INFO - Scaffolded 3 modules for domain: transformations
2025-05-31 19:09:45,761 - INFO - Scaffolded 3 modules in domain: transformations
2025-05-31 19:09:45,761 - INFO - Found data_types.py in domain: transformations
2025-05-31 19:09:45,761 - INFO - Scaffolded 3 modules for domain: transformations
2025-05-31 19:09:45,761 - INFO - Scaffolded 3 modules in domain: transformations
2025-05-31 19:09:45,761 - INFO - Found data_types.py in domain: transformations
2025-05-31 19:09:45,762 - INFO - Scaffolded 3 modules for domain: transformations
2025-05-31 19:09:45,762 - INFO - Scaffolded 3 modules in domain: transformations
2025-05-31 19:09:45,762 - INFO - Found data_types.py in domain: transformations
2025-05-31 19:09:45,762 - INFO - Scaffolded 4 modules for domain: refactored
2025-05-31 19:09:45,763 - INFO - Scaffolded 4 modules in domain: refactored
2025-05-31 19:09:45,763 - INFO - Found data_types.py in domain: refactored
2025-05-31 19:09:45,763 - INFO - Scaffolded 1 modules for domain: core
2025-05-31 19:09:45,763 - INFO - Scaffolded 1 modules in domain: core
2025-05-31 19:09:45,763 - INFO - Found data_types.py in domain: core
2025-05-31 19:09:45,764 - INFO - Scaffolded 4 modules for domain: primitives
2025-05-31 19:09:45,764 - INFO - Scaffolded 4 modules in domain: primitives
2025-05-31 19:09:45,764 - INFO - Found data_types.py in domain: primitives
2025-05-31 19:09:45,764 - INFO - Domain discovery complete: 34 domains, 34 scaffolded
2025-05-31 19:09:45,764 - INFO - Analyzing structures in pyics: /home/obinexus/projects/pkg/pyics/pyics/core/data_types.py
2025-05-31 19:09:45,770 - INFO - Analyzing structures in core: /home/obinexus/projects/pkg/pyics/pyics/core/transforms/data_types.py
2025-05-31 19:09:45,771 - INFO - Analyzing structures in transforms: /home/obinexus/projects/pkg/pyics/pyics/core/transforms/formatting/data_types.py
2025-05-31 19:09:45,771 - INFO - Analyzing structures in transforms/formatting: /home/obinexus/projects/pkg/pyics/pyics/core/transforms/formatting/__pycache__/data_types.py
2025-05-31 19:09:45,772 - ERROR - Failed to analyze /home/obinexus/projects/pkg/pyics/pyics/core/transforms/formatting/__pycache__/data_types.py: invalid syntax (<unknown>, line 27)
2025-05-31 19:09:45,772 - INFO - Analyzing structures in transforms: /home/obinexus/projects/pkg/pyics/pyics/core/transforms/pipeline/data_types.py
2025-05-31 19:09:45,772 - WARNING - Structure name collision: TransformsStatus in transforms
2025-05-31 19:09:45,772 - WARNING - Structure name collision: TransformsPriority in transforms
2025-05-31 19:09:45,772 - WARNING - Structure name collision: TransformsEntity in transforms
2025-05-31 19:09:45,772 - WARNING - Structure name collision: TransformsConfig in transforms
2025-05-31 19:09:45,772 - WARNING - Structure name collision: TransformsResult in transforms
2025-05-31 19:09:45,773 - WARNING - Structure name collision: TransformsProcessor in transforms
2025-05-31 19:09:45,773 - WARNING - Structure name collision: TransformsRepository in transforms
2025-05-31 19:09:45,773 - INFO - Analyzing structures in transforms/pipeline: /home/obinexus/projects/pkg/pyics/pyics/core/transforms/pipeline/__pycache__/data_types.py
2025-05-31 19:09:45,773 - ERROR - Failed to analyze /home/obinexus/projects/pkg/pyics/pyics/core/transforms/pipeline/__pycache__/data_types.py: invalid syntax (<unknown>, line 27)
2025-05-31 19:09:45,773 - INFO - Analyzing structures in transforms: /home/obinexus/projects/pkg/pyics/pyics/core/transforms/validation/data_types.py
2025-05-31 19:09:45,774 - WARNING - Structure name collision: TransformsStatus in transforms
2025-05-31 19:09:45,774 - WARNING - Structure name collision: TransformsPriority in transforms
2025-05-31 19:09:45,774 - WARNING - Structure name collision: TransformsEntity in transforms
2025-05-31 19:09:45,774 - WARNING - Structure name collision: TransformsConfig in transforms
2025-05-31 19:09:45,774 - WARNING - Structure name collision: TransformsResult in transforms
2025-05-31 19:09:45,774 - WARNING - Structure name collision: TransformsProcessor in transforms
2025-05-31 19:09:45,774 - WARNING - Structure name collision: TransformsRepository in transforms
2025-05-31 19:09:45,774 - INFO - Analyzing structures in transforms/validation: /home/obinexus/projects/pkg/pyics/pyics/core/transforms/validation/__pycache__/data_types.py
2025-05-31 19:09:45,774 - ERROR - Failed to analyze /home/obinexus/projects/pkg/pyics/pyics/core/transforms/validation/__pycache__/data_types.py: invalid syntax (<unknown>, line 27)
2025-05-31 19:09:45,774 - INFO - Analyzing structures in transforms: /home/obinexus/projects/pkg/pyics/pyics/core/transforms/aggregation/data_types.py
2025-05-31 19:09:45,775 - WARNING - Structure name collision: TransformsStatus in transforms
2025-05-31 19:09:45,775 - WARNING - Structure name collision: TransformsPriority in transforms
2025-05-31 19:09:45,775 - WARNING - Structure name collision: TransformsEntity in transforms
2025-05-31 19:09:45,775 - WARNING - Structure name collision: TransformsConfig in transforms
2025-05-31 19:09:45,775 - WARNING - Structure name collision: TransformsResult in transforms
2025-05-31 19:09:45,775 - WARNING - Structure name collision: TransformsProcessor in transforms
2025-05-31 19:09:45,775 - WARNING - Structure name collision: TransformsRepository in transforms
2025-05-31 19:09:45,775 - INFO - Analyzing structures in transforms/aggregation: /home/obinexus/projects/pkg/pyics/pyics/core/transforms/aggregation/__pycache__/data_types.py
2025-05-31 19:09:45,776 - ERROR - Failed to analyze /home/obinexus/projects/pkg/pyics/pyics/core/transforms/aggregation/__pycache__/data_types.py: invalid syntax (<unknown>, line 27)
2025-05-31 19:09:45,776 - INFO - Analyzing structures in transforms: /home/obinexus/projects/pkg/pyics/pyics/core/transforms/__pycache__/data_types.py
2025-05-31 19:09:45,776 - WARNING - Structure name collision: TransformsStatus in transforms
2025-05-31 19:09:45,776 - WARNING - Structure name collision: TransformsPriority in transforms
2025-05-31 19:09:45,776 - WARNING - Structure name collision: TransformsEntity in transforms
2025-05-31 19:09:45,776 - WARNING - Structure name collision: TransformsConfig in transforms
2025-05-31 19:09:45,776 - WARNING - Structure name collision: TransformsResult in transforms
2025-05-31 19:09:45,776 - WARNING - Structure name collision: TransformsProcessor in transforms
2025-05-31 19:09:45,776 - WARNING - Structure name collision: TransformsRepository in transforms
2025-05-31 19:09:45,777 - INFO - Analyzing structures in core: /home/obinexus/projects/pkg/pyics/pyics/core/protocols/data_types.py
2025-05-31 19:09:45,777 - WARNING - Structure name collision: CoreStatus in core
2025-05-31 19:09:45,777 - WARNING - Structure name collision: CorePriority in core
2025-05-31 19:09:45,777 - WARNING - Structure name collision: CoreEntity in core
2025-05-31 19:09:45,777 - WARNING - Structure name collision: CoreConfig in core
2025-05-31 19:09:45,777 - WARNING - Structure name collision: CoreResult in core
2025-05-31 19:09:45,777 - WARNING - Structure name collision: CoreProcessor in core
2025-05-31 19:09:45,777 - WARNING - Structure name collision: CoreRepository in core
2025-05-31 19:09:45,777 - INFO - Analyzing structures in protocols: /home/obinexus/projects/pkg/pyics/pyics/core/protocols/implementations/data_types.py
2025-05-31 19:09:45,778 - INFO - Analyzing structures in protocols: /home/obinexus/projects/pkg/pyics/pyics/core/protocols/tests/data_types.py
2025-05-31 19:09:45,779 - WARNING - Structure name collision: ProtocolsStatus in protocols
2025-05-31 19:09:45,779 - WARNING - Structure name collision: ProtocolsPriority in protocols
2025-05-31 19:09:45,779 - WARNING - Structure name collision: ProtocolsEntity in protocols
2025-05-31 19:09:45,779 - WARNING - Structure name collision: ProtocolsConfig in protocols
2025-05-31 19:09:45,779 - WARNING - Structure name collision: ProtocolsResult in protocols
2025-05-31 19:09:45,779 - WARNING - Structure name collision: ProtocolsProcessor in protocols
2025-05-31 19:09:45,779 - WARNING - Structure name collision: ProtocolsRepository in protocols
2025-05-31 19:09:45,779 - INFO - Analyzing structures in protocols: /home/obinexus/projects/pkg/pyics/pyics/core/protocols/compliance/data_types.py
2025-05-31 19:09:45,780 - WARNING - Structure name collision: ProtocolsStatus in protocols
2025-05-31 19:09:45,780 - WARNING - Structure name collision: ProtocolsPriority in protocols
2025-05-31 19:09:45,780 - WARNING - Structure name collision: ProtocolsEntity in protocols
2025-05-31 19:09:45,780 - WARNING - Structure name collision: ProtocolsConfig in protocols
2025-05-31 19:09:45,780 - WARNING - Structure name collision: ProtocolsResult in protocols
2025-05-31 19:09:45,780 - WARNING - Structure name collision: ProtocolsProcessor in protocols
2025-05-31 19:09:45,780 - WARNING - Structure name collision: ProtocolsRepository in protocols
2025-05-31 19:09:45,780 - INFO - Analyzing structures in protocols/compliance: /home/obinexus/projects/pkg/pyics/pyics/core/protocols/compliance/__pycache__/data_types.py
2025-05-31 19:09:45,780 - ERROR - Failed to analyze /home/obinexus/projects/pkg/pyics/pyics/core/protocols/compliance/__pycache__/data_types.py: invalid syntax (<unknown>, line 27)
2025-05-31 19:09:45,780 - INFO - Analyzing structures in protocols: /home/obinexus/projects/pkg/pyics/pyics/core/protocols/contracts/data_types.py
2025-05-31 19:09:45,781 - WARNING - Structure name collision: ProtocolsStatus in protocols
2025-05-31 19:09:45,781 - WARNING - Structure name collision: ProtocolsPriority in protocols
2025-05-31 19:09:45,781 - WARNING - Structure name collision: ProtocolsEntity in protocols
2025-05-31 19:09:45,781 - WARNING - Structure name collision: ProtocolsConfig in protocols
2025-05-31 19:09:45,781 - WARNING - Structure name collision: ProtocolsResult in protocols
2025-05-31 19:09:45,781 - WARNING - Structure name collision: ProtocolsProcessor in protocols
2025-05-31 19:09:45,781 - WARNING - Structure name collision: ProtocolsRepository in protocols
2025-05-31 19:09:45,781 - INFO - Analyzing structures in protocols/contracts: /home/obinexus/projects/pkg/pyics/pyics/core/protocols/contracts/__pycache__/data_types.py
2025-05-31 19:09:45,782 - ERROR - Failed to analyze /home/obinexus/projects/pkg/pyics/pyics/core/protocols/contracts/__pycache__/data_types.py: invalid syntax (<unknown>, line 27)
2025-05-31 19:09:45,782 - INFO - Analyzing structures in protocols: /home/obinexus/projects/pkg/pyics/pyics/core/protocols/interfaces/data_types.py
2025-05-31 19:09:45,782 - WARNING - Structure name collision: ProtocolsStatus in protocols
2025-05-31 19:09:45,782 - WARNING - Structure name collision: ProtocolsPriority in protocols
2025-05-31 19:09:45,782 - WARNING - Structure name collision: ProtocolsEntity in protocols
2025-05-31 19:09:45,782 - WARNING - Structure name collision: ProtocolsConfig in protocols
2025-05-31 19:09:45,782 - WARNING - Structure name collision: ProtocolsResult in protocols
2025-05-31 19:09:45,782 - WARNING - Structure name collision: ProtocolsProcessor in protocols
2025-05-31 19:09:45,782 - WARNING - Structure name collision: ProtocolsRepository in protocols
2025-05-31 19:09:45,783 - INFO - Analyzing structures in protocols/interfaces: /home/obinexus/projects/pkg/pyics/pyics/core/protocols/interfaces/__pycache__/data_types.py
2025-05-31 19:09:45,783 - ERROR - Failed to analyze /home/obinexus/projects/pkg/pyics/pyics/core/protocols/interfaces/__pycache__/data_types.py: invalid syntax (<unknown>, line 27)
2025-05-31 19:09:45,783 - INFO - Analyzing structures in protocols: /home/obinexus/projects/pkg/pyics/pyics/core/protocols/__pycache__/data_types.py
2025-05-31 19:09:45,783 - WARNING - Structure name collision: ProtocolsStatus in protocols
2025-05-31 19:09:45,783 - WARNING - Structure name collision: ProtocolsPriority in protocols
2025-05-31 19:09:45,784 - WARNING - Structure name collision: ProtocolsEntity in protocols
2025-05-31 19:09:45,784 - WARNING - Structure name collision: ProtocolsConfig in protocols
2025-05-31 19:09:45,784 - WARNING - Structure name collision: ProtocolsResult in protocols
2025-05-31 19:09:45,784 - WARNING - Structure name collision: ProtocolsProcessor in protocols
2025-05-31 19:09:45,784 - WARNING - Structure name collision: ProtocolsRepository in protocols
2025-05-31 19:09:45,784 - INFO - Analyzing structures in core: /home/obinexus/projects/pkg/pyics/pyics/core/routing/data_types.py
2025-05-31 19:09:45,784 - WARNING - Structure name collision: CoreStatus in core
2025-05-31 19:09:45,784 - WARNING - Structure name collision: CorePriority in core
2025-05-31 19:09:45,784 - WARNING - Structure name collision: CoreEntity in core
2025-05-31 19:09:45,784 - WARNING - Structure name collision: CoreConfig in core
2025-05-31 19:09:45,784 - WARNING - Structure name collision: CoreResult in core
2025-05-31 19:09:45,785 - WARNING - Structure name collision: CoreProcessor in core
2025-05-31 19:09:45,785 - WARNING - Structure name collision: CoreRepository in core
2025-05-31 19:09:45,785 - INFO - Analyzing structures in routing: /home/obinexus/projects/pkg/pyics/pyics/core/routing/implementations/data_types.py
2025-05-31 19:09:45,785 - INFO - Analyzing structures in routing: /home/obinexus/projects/pkg/pyics/pyics/core/routing/tests/data_types.py
2025-05-31 19:09:45,786 - WARNING - Structure name collision: RoutingStatus in routing
2025-05-31 19:09:45,786 - WARNING - Structure name collision: RoutingPriority in routing
2025-05-31 19:09:45,786 - WARNING - Structure name collision: RoutingEntity in routing
2025-05-31 19:09:45,786 - WARNING - Structure name collision: RoutingConfig in routing
2025-05-31 19:09:45,786 - WARNING - Structure name collision: RoutingResult in routing
2025-05-31 19:09:45,786 - WARNING - Structure name collision: RoutingProcessor in routing
2025-05-31 19:09:45,786 - WARNING - Structure name collision: RoutingRepository in routing
2025-05-31 19:09:45,786 - INFO - Analyzing structures in routing: /home/obinexus/projects/pkg/pyics/pyics/core/routing/interfaces/data_types.py
2025-05-31 19:09:45,787 - WARNING - Structure name collision: RoutingStatus in routing
2025-05-31 19:09:45,787 - WARNING - Structure name collision: RoutingPriority in routing
2025-05-31 19:09:45,787 - WARNING - Structure name collision: RoutingEntity in routing
2025-05-31 19:09:45,787 - WARNING - Structure name collision: RoutingConfig in routing
2025-05-31 19:09:45,787 - WARNING - Structure name collision: RoutingResult in routing
2025-05-31 19:09:45,787 - WARNING - Structure name collision: RoutingProcessor in routing
2025-05-31 19:09:45,787 - WARNING - Structure name collision: RoutingRepository in routing
2025-05-31 19:09:45,787 - INFO - Analyzing structures in core: /home/obinexus/projects/pkg/pyics/pyics/core/logic/data_types.py
2025-05-31 19:09:45,788 - WARNING - Structure name collision: CoreStatus in core
2025-05-31 19:09:45,788 - WARNING - Structure name collision: CorePriority in core
2025-05-31 19:09:45,788 - WARNING - Structure name collision: CoreEntity in core
2025-05-31 19:09:45,788 - WARNING - Structure name collision: CoreConfig in core
2025-05-31 19:09:45,788 - WARNING - Structure name collision: CoreResult in core
2025-05-31 19:09:45,788 - WARNING - Structure name collision: CoreProcessor in core
2025-05-31 19:09:45,788 - WARNING - Structure name collision: CoreRepository in core
2025-05-31 19:09:45,788 - INFO - Analyzing structures in logic: /home/obinexus/projects/pkg/pyics/pyics/core/logic/functional/data_types.py
2025-05-31 19:09:45,789 - INFO - Analyzing structures in logic/functional: /home/obinexus/projects/pkg/pyics/pyics/core/logic/functional/__pycache__/data_types.py
2025-05-31 19:09:45,789 - ERROR - Failed to analyze /home/obinexus/projects/pkg/pyics/pyics/core/logic/functional/__pycache__/data_types.py: invalid syntax (<unknown>, line 27)
2025-05-31 19:09:45,789 - INFO - Analyzing structures in logic: /home/obinexus/projects/pkg/pyics/pyics/core/logic/mathematical/data_types.py
2025-05-31 19:09:45,790 - WARNING - Structure name collision: LogicStatus in logic
2025-05-31 19:09:45,790 - WARNING - Structure name collision: LogicPriority in logic
2025-05-31 19:09:45,790 - WARNING - Structure name collision: LogicEntity in logic
2025-05-31 19:09:45,790 - WARNING - Structure name collision: LogicConfig in logic
2025-05-31 19:09:45,790 - WARNING - Structure name collision: LogicResult in logic
2025-05-31 19:09:45,790 - WARNING - Structure name collision: LogicProcessor in logic
2025-05-31 19:09:45,790 - WARNING - Structure name collision: LogicRepository in logic
2025-05-31 19:09:45,790 - INFO - Analyzing structures in logic/mathematical: /home/obinexus/projects/pkg/pyics/pyics/core/logic/mathematical/__pycache__/data_types.py
2025-05-31 19:09:45,790 - ERROR - Failed to analyze /home/obinexus/projects/pkg/pyics/pyics/core/logic/mathematical/__pycache__/data_types.py: invalid syntax (<unknown>, line 27)
2025-05-31 19:09:45,790 - INFO - Analyzing structures in logic: /home/obinexus/projects/pkg/pyics/pyics/core/logic/composition/data_types.py
2025-05-31 19:09:45,791 - WARNING - Structure name collision: LogicStatus in logic
2025-05-31 19:09:45,791 - WARNING - Structure name collision: LogicPriority in logic
2025-05-31 19:09:45,791 - WARNING - Structure name collision: LogicEntity in logic
2025-05-31 19:09:45,791 - WARNING - Structure name collision: LogicConfig in logic
2025-05-31 19:09:45,791 - WARNING - Structure name collision: LogicResult in logic
2025-05-31 19:09:45,791 - WARNING - Structure name collision: LogicProcessor in logic
2025-05-31 19:09:45,791 - WARNING - Structure name collision: LogicRepository in logic
2025-05-31 19:09:45,791 - INFO - Analyzing structures in logic/composition: /home/obinexus/projects/pkg/pyics/pyics/core/logic/composition/__pycache__/data_types.py
2025-05-31 19:09:45,792 - ERROR - Failed to analyze /home/obinexus/projects/pkg/pyics/pyics/core/logic/composition/__pycache__/data_types.py: invalid syntax (<unknown>, line 27)
2025-05-31 19:09:45,792 - INFO - Analyzing structures in logic: /home/obinexus/projects/pkg/pyics/pyics/core/logic/__pycache__/data_types.py
2025-05-31 19:09:45,792 - WARNING - Structure name collision: LogicStatus in logic
2025-05-31 19:09:45,792 - WARNING - Structure name collision: LogicPriority in logic
2025-05-31 19:09:45,792 - WARNING - Structure name collision: LogicEntity in logic
2025-05-31 19:09:45,792 - WARNING - Structure name collision: LogicConfig in logic
2025-05-31 19:09:45,792 - WARNING - Structure name collision: LogicResult in logic
2025-05-31 19:09:45,792 - WARNING - Structure name collision: LogicProcessor in logic
2025-05-31 19:09:45,792 - WARNING - Structure name collision: LogicRepository in logic
2025-05-31 19:09:45,793 - INFO - Analyzing structures in core: /home/obinexus/projects/pkg/pyics/pyics/core/validation/data_types.py
2025-05-31 19:09:45,793 - WARNING - Structure name collision: CoreStatus in core
2025-05-31 19:09:45,793 - WARNING - Structure name collision: CorePriority in core
2025-05-31 19:09:45,793 - WARNING - Structure name collision: CoreEntity in core
2025-05-31 19:09:45,793 - WARNING - Structure name collision: CoreConfig in core
2025-05-31 19:09:45,793 - WARNING - Structure name collision: CoreResult in core
2025-05-31 19:09:45,793 - WARNING - Structure name collision: CoreProcessor in core
2025-05-31 19:09:45,793 - WARNING - Structure name collision: CoreRepository in core
2025-05-31 19:09:45,793 - INFO - Analyzing structures in validation: /home/obinexus/projects/pkg/pyics/pyics/core/validation/integrity/data_types.py
2025-05-31 19:09:45,794 - INFO - Analyzing structures in validation/integrity: /home/obinexus/projects/pkg/pyics/pyics/core/validation/integrity/__pycache__/data_types.py
2025-05-31 19:09:45,794 - ERROR - Failed to analyze /home/obinexus/projects/pkg/pyics/pyics/core/validation/integrity/__pycache__/data_types.py: invalid syntax (<unknown>, line 27)
2025-05-31 19:09:45,794 - INFO - Analyzing structures in validation: /home/obinexus/projects/pkg/pyics/pyics/core/validation/purity/data_types.py
2025-05-31 19:09:45,795 - WARNING - Structure name collision: ValidationStatus in validation
2025-05-31 19:09:45,795 - WARNING - Structure name collision: ValidationPriority in validation
2025-05-31 19:09:45,795 - WARNING - Structure name collision: ValidationEntity in validation
2025-05-31 19:09:45,795 - WARNING - Structure name collision: ValidationConfig in validation
2025-05-31 19:09:45,795 - WARNING - Structure name collision: ValidationResult in validation
2025-05-31 19:09:45,795 - WARNING - Structure name collision: ValidationProcessor in validation
2025-05-31 19:09:45,795 - WARNING - Structure name collision: ValidationRepository in validation
2025-05-31 19:09:45,795 - INFO - Analyzing structures in validation/purity: /home/obinexus/projects/pkg/pyics/pyics/core/validation/purity/__pycache__/data_types.py
2025-05-31 19:09:45,796 - ERROR - Failed to analyze /home/obinexus/projects/pkg/pyics/pyics/core/validation/purity/__pycache__/data_types.py: invalid syntax (<unknown>, line 27)
2025-05-31 19:09:45,796 - INFO - Analyzing structures in validation: /home/obinexus/projects/pkg/pyics/pyics/core/validation/__pycache__/data_types.py
2025-05-31 19:09:45,796 - WARNING - Structure name collision: ValidationStatus in validation
2025-05-31 19:09:45,796 - WARNING - Structure name collision: ValidationPriority in validation
2025-05-31 19:09:45,796 - WARNING - Structure name collision: ValidationEntity in validation
2025-05-31 19:09:45,796 - WARNING - Structure name collision: ValidationConfig in validation
2025-05-31 19:09:45,796 - WARNING - Structure name collision: ValidationResult in validation
2025-05-31 19:09:45,796 - WARNING - Structure name collision: ValidationProcessor in validation
2025-05-31 19:09:45,797 - WARNING - Structure name collision: ValidationRepository in validation
2025-05-31 19:09:45,797 - INFO - Analyzing structures in validation: /home/obinexus/projects/pkg/pyics/pyics/core/validation/performance/data_types.py
2025-05-31 19:09:45,797 - WARNING - Structure name collision: ValidationStatus in validation
2025-05-31 19:09:45,797 - WARNING - Structure name collision: ValidationPriority in validation
2025-05-31 19:09:45,797 - WARNING - Structure name collision: ValidationEntity in validation
2025-05-31 19:09:45,797 - WARNING - Structure name collision: ValidationConfig in validation
2025-05-31 19:09:45,797 - WARNING - Structure name collision: ValidationResult in validation
2025-05-31 19:09:45,797 - WARNING - Structure name collision: ValidationProcessor in validation
2025-05-31 19:09:45,797 - WARNING - Structure name collision: ValidationRepository in validation
2025-05-31 19:09:45,797 - INFO - Analyzing structures in validation/performance: /home/obinexus/projects/pkg/pyics/pyics/core/validation/performance/__pycache__/data_types.py
2025-05-31 19:09:45,798 - ERROR - Failed to analyze /home/obinexus/projects/pkg/pyics/pyics/core/validation/performance/__pycache__/data_types.py: invalid syntax (<unknown>, line 27)
2025-05-31 19:09:45,798 - INFO - Analyzing structures in core: /home/obinexus/projects/pkg/pyics/pyics/core/primitives/data_types.py
2025-05-31 19:09:45,798 - WARNING - Structure name collision: CoreStatus in core
2025-05-31 19:09:45,798 - WARNING - Structure name collision: CorePriority in core
2025-05-31 19:09:45,799 - WARNING - Structure name collision: CoreEntity in core
2025-05-31 19:09:45,799 - WARNING - Structure name collision: CoreConfig in core
2025-05-31 19:09:45,799 - WARNING - Structure name collision: CoreResult in core
2025-05-31 19:09:45,799 - WARNING - Structure name collision: CoreProcessor in core
2025-05-31 19:09:45,799 - WARNING - Structure name collision: CoreRepository in core
2025-05-31 19:09:45,799 - INFO - Analyzing structures in primitives: /home/obinexus/projects/pkg/pyics/pyics/core/primitives/implementations/data_types.py
2025-05-31 19:09:45,799 - INFO - Analyzing structures in primitives: /home/obinexus/projects/pkg/pyics/pyics/core/primitives/tests/data_types.py
2025-05-31 19:09:45,800 - WARNING - Structure name collision: PrimitivesStatus in primitives
2025-05-31 19:09:45,800 - WARNING - Structure name collision: PrimitivesPriority in primitives
2025-05-31 19:09:45,800 - WARNING - Structure name collision: PrimitivesEntity in primitives
2025-05-31 19:09:45,800 - WARNING - Structure name collision: PrimitivesConfig in primitives
2025-05-31 19:09:45,800 - WARNING - Structure name collision: PrimitivesResult in primitives
2025-05-31 19:09:45,800 - WARNING - Structure name collision: PrimitivesProcessor in primitives
2025-05-31 19:09:45,800 - WARNING - Structure name collision: PrimitivesRepository in primitives
2025-05-31 19:09:45,800 - INFO - Analyzing structures in primitives: /home/obinexus/projects/pkg/pyics/pyics/core/primitives/interfaces/data_types.py
2025-05-31 19:09:45,801 - WARNING - Structure name collision: PrimitivesStatus in primitives
2025-05-31 19:09:45,801 - WARNING - Structure name collision: PrimitivesPriority in primitives
2025-05-31 19:09:45,801 - WARNING - Structure name collision: PrimitivesEntity in primitives
2025-05-31 19:09:45,801 - WARNING - Structure name collision: PrimitivesConfig in primitives
2025-05-31 19:09:45,801 - WARNING - Structure name collision: PrimitivesResult in primitives
2025-05-31 19:09:45,801 - WARNING - Structure name collision: PrimitivesProcessor in primitives
2025-05-31 19:09:45,801 - WARNING - Structure name collision: PrimitivesRepository in primitives
2025-05-31 19:09:45,801 - INFO - Analyzing structures in core: /home/obinexus/projects/pkg/pyics/pyics/core/validators/data_types.py
2025-05-31 19:09:45,802 - WARNING - Structure name collision: CoreStatus in core
2025-05-31 19:09:45,802 - WARNING - Structure name collision: CorePriority in core
2025-05-31 19:09:45,802 - WARNING - Structure name collision: CoreEntity in core
2025-05-31 19:09:45,802 - WARNING - Structure name collision: CoreConfig in core
2025-05-31 19:09:45,802 - WARNING - Structure name collision: CoreResult in core
2025-05-31 19:09:45,802 - WARNING - Structure name collision: CoreProcessor in core
2025-05-31 19:09:45,802 - WARNING - Structure name collision: CoreRepository in core
2025-05-31 19:09:45,802 - INFO - Analyzing structures in validators: /home/obinexus/projects/pkg/pyics/pyics/core/validators/implementations/data_types.py
2025-05-31 19:09:45,803 - INFO - Analyzing structures in validators: /home/obinexus/projects/pkg/pyics/pyics/core/validators/tests/data_types.py
2025-05-31 19:09:45,804 - WARNING - Structure name collision: ValidatorsStatus in validators
2025-05-31 19:09:45,804 - WARNING - Structure name collision: ValidatorsPriority in validators
2025-05-31 19:09:45,804 - WARNING - Structure name collision: ValidatorsEntity in validators
2025-05-31 19:09:45,804 - WARNING - Structure name collision: ValidatorsConfig in validators
2025-05-31 19:09:45,804 - WARNING - Structure name collision: ValidatorsResult in validators
2025-05-31 19:09:45,804 - WARNING - Structure name collision: ValidatorsProcessor in validators
2025-05-31 19:09:45,804 - WARNING - Structure name collision: ValidatorsRepository in validators
2025-05-31 19:09:45,804 - INFO - Analyzing structures in validators: /home/obinexus/projects/pkg/pyics/pyics/core/validators/interfaces/data_types.py
2025-05-31 19:09:45,804 - WARNING - Structure name collision: ValidatorsStatus in validators
2025-05-31 19:09:45,804 - WARNING - Structure name collision: ValidatorsPriority in validators
2025-05-31 19:09:45,805 - WARNING - Structure name collision: ValidatorsEntity in validators
2025-05-31 19:09:45,805 - WARNING - Structure name collision: ValidatorsConfig in validators
2025-05-31 19:09:45,805 - WARNING - Structure name collision: ValidatorsResult in validators
2025-05-31 19:09:45,805 - WARNING - Structure name collision: ValidatorsProcessor in validators
2025-05-31 19:09:45,805 - WARNING - Structure name collision: ValidatorsRepository in validators
2025-05-31 19:09:45,805 - INFO - Analyzing structures in core: /home/obinexus/projects/pkg/pyics/pyics/core/structures/data_types.py
2025-05-31 19:09:45,805 - WARNING - Structure name collision: CoreStatus in core
2025-05-31 19:09:45,805 - WARNING - Structure name collision: CorePriority in core
2025-05-31 19:09:45,805 - WARNING - Structure name collision: CoreEntity in core
2025-05-31 19:09:45,805 - WARNING - Structure name collision: CoreConfig in core
2025-05-31 19:09:45,805 - WARNING - Structure name collision: CoreResult in core
2025-05-31 19:09:45,806 - WARNING - Structure name collision: CoreProcessor in core
2025-05-31 19:09:45,806 - WARNING - Structure name collision: CoreRepository in core
2025-05-31 19:09:45,806 - INFO - Analyzing structures in structures: /home/obinexus/projects/pkg/pyics/pyics/core/structures/implementations/data_types.py
2025-05-31 19:09:45,806 - INFO - Analyzing structures in structures: /home/obinexus/projects/pkg/pyics/pyics/core/structures/calendars/data_types.py
2025-05-31 19:09:45,807 - WARNING - Structure name collision: StructuresStatus in structures
2025-05-31 19:09:45,807 - WARNING - Structure name collision: StructuresPriority in structures
2025-05-31 19:09:45,807 - WARNING - Structure name collision: StructuresEntity in structures
2025-05-31 19:09:45,807 - WARNING - Structure name collision: StructuresConfig in structures
2025-05-31 19:09:45,807 - WARNING - Structure name collision: StructuresResult in structures
2025-05-31 19:09:45,807 - WARNING - Structure name collision: StructuresProcessor in structures
2025-05-31 19:09:45,807 - WARNING - Structure name collision: StructuresRepository in structures
2025-05-31 19:09:45,807 - INFO - Analyzing structures in structures/calendars: /home/obinexus/projects/pkg/pyics/pyics/core/structures/calendars/__pycache__/data_types.py
2025-05-31 19:09:45,807 - ERROR - Failed to analyze /home/obinexus/projects/pkg/pyics/pyics/core/structures/calendars/__pycache__/data_types.py: invalid syntax (<unknown>, line 27)
2025-05-31 19:09:45,808 - INFO - Analyzing structures in structures: /home/obinexus/projects/pkg/pyics/pyics/core/structures/audit/data_types.py
2025-05-31 19:09:45,808 - WARNING - Structure name collision: StructuresStatus in structures
2025-05-31 19:09:45,808 - WARNING - Structure name collision: StructuresPriority in structures
2025-05-31 19:09:45,808 - WARNING - Structure name collision: StructuresEntity in structures
2025-05-31 19:09:45,808 - WARNING - Structure name collision: StructuresConfig in structures
2025-05-31 19:09:45,808 - WARNING - Structure name collision: StructuresResult in structures
2025-05-31 19:09:45,808 - WARNING - Structure name collision: StructuresProcessor in structures
2025-05-31 19:09:45,808 - WARNING - Structure name collision: StructuresRepository in structures
2025-05-31 19:09:45,809 - INFO - Analyzing structures in structures/audit: /home/obinexus/projects/pkg/pyics/pyics/core/structures/audit/__pycache__/data_types.py
2025-05-31 19:09:45,809 - ERROR - Failed to analyze /home/obinexus/projects/pkg/pyics/pyics/core/structures/audit/__pycache__/data_types.py: invalid syntax (<unknown>, line 27)
2025-05-31 19:09:45,809 - INFO - Analyzing structures in structures: /home/obinexus/projects/pkg/pyics/pyics/core/structures/events/data_types.py
2025-05-31 19:09:45,809 - WARNING - Structure name collision: StructuresStatus in structures
2025-05-31 19:09:45,809 - WARNING - Structure name collision: StructuresPriority in structures
2025-05-31 19:09:45,810 - WARNING - Structure name collision: StructuresEntity in structures
2025-05-31 19:09:45,810 - WARNING - Structure name collision: StructuresConfig in structures
2025-05-31 19:09:45,810 - WARNING - Structure name collision: StructuresResult in structures
2025-05-31 19:09:45,810 - WARNING - Structure name collision: StructuresProcessor in structures
2025-05-31 19:09:45,810 - WARNING - Structure name collision: StructuresRepository in structures
2025-05-31 19:09:45,810 - INFO - Analyzing structures in structures/events: /home/obinexus/projects/pkg/pyics/pyics/core/structures/events/__pycache__/data_types.py
2025-05-31 19:09:45,810 - ERROR - Failed to analyze /home/obinexus/projects/pkg/pyics/pyics/core/structures/events/__pycache__/data_types.py: invalid syntax (<unknown>, line 27)
2025-05-31 19:09:45,810 - INFO - Analyzing structures in structures: /home/obinexus/projects/pkg/pyics/pyics/core/structures/__pycache__/data_types.py
2025-05-31 19:09:45,811 - WARNING - Structure name collision: StructuresStatus in structures
2025-05-31 19:09:45,811 - WARNING - Structure name collision: StructuresPriority in structures
2025-05-31 19:09:45,811 - WARNING - Structure name collision: StructuresEntity in structures
2025-05-31 19:09:45,811 - WARNING - Structure name collision: StructuresConfig in structures
2025-05-31 19:09:45,811 - WARNING - Structure name collision: StructuresResult in structures
2025-05-31 19:09:45,811 - WARNING - Structure name collision: StructuresProcessor in structures
2025-05-31 19:09:45,811 - WARNING - Structure name collision: StructuresRepository in structures
2025-05-31 19:09:45,811 - INFO - Analyzing structures in structures: /home/obinexus/projects/pkg/pyics/pyics/core/structures/distribution/data_types.py
2025-05-31 19:09:45,812 - WARNING - Structure name collision: StructuresStatus in structures
2025-05-31 19:09:45,812 - WARNING - Structure name collision: StructuresPriority in structures
2025-05-31 19:09:45,812 - WARNING - Structure name collision: StructuresEntity in structures
2025-05-31 19:09:45,812 - WARNING - Structure name collision: StructuresConfig in structures
2025-05-31 19:09:45,812 - WARNING - Structure name collision: StructuresResult in structures
2025-05-31 19:09:45,812 - WARNING - Structure name collision: StructuresProcessor in structures
2025-05-31 19:09:45,812 - WARNING - Structure name collision: StructuresRepository in structures
2025-05-31 19:09:45,812 - INFO - Analyzing structures in structures/distribution: /home/obinexus/projects/pkg/pyics/pyics/core/structures/distribution/__pycache__/data_types.py
2025-05-31 19:09:45,812 - ERROR - Failed to analyze /home/obinexus/projects/pkg/pyics/pyics/core/structures/distribution/__pycache__/data_types.py: invalid syntax (<unknown>, line 27)
2025-05-31 19:09:45,812 - INFO - Analyzing structures in core: /home/obinexus/projects/pkg/pyics/pyics/core/composition/data_types.py
2025-05-31 19:09:45,813 - WARNING - Structure name collision: CoreStatus in core
2025-05-31 19:09:45,813 - WARNING - Structure name collision: CorePriority in core
2025-05-31 19:09:45,813 - WARNING - Structure name collision: CoreEntity in core
2025-05-31 19:09:45,813 - WARNING - Structure name collision: CoreConfig in core
2025-05-31 19:09:45,813 - WARNING - Structure name collision: CoreResult in core
2025-05-31 19:09:45,813 - WARNING - Structure name collision: CoreProcessor in core
2025-05-31 19:09:45,813 - WARNING - Structure name collision: CoreRepository in core
2025-05-31 19:09:45,813 - INFO - Analyzing structures in composition: /home/obinexus/projects/pkg/pyics/pyics/core/composition/implementations/data_types.py
2025-05-31 19:09:45,814 - INFO - Analyzing structures in composition: /home/obinexus/projects/pkg/pyics/pyics/core/composition/tests/data_types.py
2025-05-31 19:09:45,814 - WARNING - Structure name collision: CompositionStatus in composition
2025-05-31 19:09:45,814 - WARNING - Structure name collision: CompositionPriority in composition
2025-05-31 19:09:45,815 - WARNING - Structure name collision: CompositionEntity in composition
2025-05-31 19:09:45,815 - WARNING - Structure name collision: CompositionConfig in composition
2025-05-31 19:09:45,815 - WARNING - Structure name collision: CompositionResult in composition
2025-05-31 19:09:45,815 - WARNING - Structure name collision: CompositionProcessor in composition
2025-05-31 19:09:45,815 - WARNING - Structure name collision: CompositionRepository in composition
2025-05-31 19:09:45,815 - INFO - Analyzing structures in composition: /home/obinexus/projects/pkg/pyics/pyics/core/composition/interfaces/data_types.py
2025-05-31 19:09:45,815 - WARNING - Structure name collision: CompositionStatus in composition
2025-05-31 19:09:45,815 - WARNING - Structure name collision: CompositionPriority in composition
2025-05-31 19:09:45,816 - WARNING - Structure name collision: CompositionEntity in composition
2025-05-31 19:09:45,816 - WARNING - Structure name collision: CompositionConfig in composition
2025-05-31 19:09:45,816 - WARNING - Structure name collision: CompositionResult in composition
2025-05-31 19:09:45,816 - WARNING - Structure name collision: CompositionProcessor in composition
2025-05-31 19:09:45,816 - WARNING - Structure name collision: CompositionRepository in composition
2025-05-31 19:09:45,816 - INFO - Analyzing structures in core: /home/obinexus/projects/pkg/pyics/pyics/core/safety/data_types.py
2025-05-31 19:09:45,816 - WARNING - Structure name collision: CoreStatus in core
2025-05-31 19:09:45,816 - WARNING - Structure name collision: CorePriority in core
2025-05-31 19:09:45,816 - WARNING - Structure name collision: CoreEntity in core
2025-05-31 19:09:45,817 - WARNING - Structure name collision: CoreConfig in core
2025-05-31 19:09:45,817 - WARNING - Structure name collision: CoreResult in core
2025-05-31 19:09:45,817 - WARNING - Structure name collision: CoreProcessor in core
2025-05-31 19:09:45,817 - WARNING - Structure name collision: CoreRepository in core
2025-05-31 19:09:45,817 - INFO - Analyzing structures in safety: /home/obinexus/projects/pkg/pyics/pyics/core/safety/implementations/data_types.py
2025-05-31 19:09:45,817 - INFO - Analyzing structures in safety: /home/obinexus/projects/pkg/pyics/pyics/core/safety/tests/data_types.py
2025-05-31 19:09:45,818 - WARNING - Structure name collision: SafetyStatus in safety
2025-05-31 19:09:45,818 - WARNING - Structure name collision: SafetyPriority in safety
2025-05-31 19:09:45,818 - WARNING - Structure name collision: SafetyEntity in safety
2025-05-31 19:09:45,818 - WARNING - Structure name collision: SafetyConfig in safety
2025-05-31 19:09:45,818 - WARNING - Structure name collision: SafetyResult in safety
2025-05-31 19:09:45,818 - WARNING - Structure name collision: SafetyProcessor in safety
2025-05-31 19:09:45,818 - WARNING - Structure name collision: SafetyRepository in safety
2025-05-31 19:09:45,818 - INFO - Analyzing structures in safety: /home/obinexus/projects/pkg/pyics/pyics/core/safety/interfaces/data_types.py
2025-05-31 19:09:45,819 - WARNING - Structure name collision: SafetyStatus in safety
2025-05-31 19:09:45,819 - WARNING - Structure name collision: SafetyPriority in safety
2025-05-31 19:09:45,819 - WARNING - Structure name collision: SafetyEntity in safety
2025-05-31 19:09:45,819 - WARNING - Structure name collision: SafetyConfig in safety
2025-05-31 19:09:45,819 - WARNING - Structure name collision: SafetyResult in safety
2025-05-31 19:09:45,819 - WARNING - Structure name collision: SafetyProcessor in safety
2025-05-31 19:09:45,819 - WARNING - Structure name collision: SafetyRepository in safety
2025-05-31 19:09:45,819 - INFO - Analyzing structures in core: /home/obinexus/projects/pkg/pyics/pyics/core/registry/data_types.py
2025-05-31 19:09:45,820 - WARNING - Structure name collision: CoreStatus in core
2025-05-31 19:09:45,820 - WARNING - Structure name collision: CorePriority in core
2025-05-31 19:09:45,820 - WARNING - Structure name collision: CoreEntity in core
2025-05-31 19:09:45,820 - WARNING - Structure name collision: CoreConfig in core
2025-05-31 19:09:45,820 - WARNING - Structure name collision: CoreResult in core
2025-05-31 19:09:45,820 - WARNING - Structure name collision: CoreProcessor in core
2025-05-31 19:09:45,820 - WARNING - Structure name collision: CoreRepository in core
2025-05-31 19:09:45,820 - INFO - Analyzing structures in registry/versioned: /home/obinexus/projects/pkg/pyics/pyics/core/registry/versioned/__pycache__/data_types.py
2025-05-31 19:09:45,820 - ERROR - Failed to analyze /home/obinexus/projects/pkg/pyics/pyics/core/registry/versioned/__pycache__/data_types.py: invalid syntax (<unknown>, line 27)
2025-05-31 19:09:45,820 - INFO - Analyzing structures in registry/migration: /home/obinexus/projects/pkg/pyics/pyics/core/registry/migration/__pycache__/data_types.py
2025-05-31 19:09:45,821 - ERROR - Failed to analyze /home/obinexus/projects/pkg/pyics/pyics/core/registry/migration/__pycache__/data_types.py: invalid syntax (<unknown>, line 27)
2025-05-31 19:09:45,821 - INFO - Analyzing structures in registry/global: /home/obinexus/projects/pkg/pyics/pyics/core/registry/global/__pycache__/data_types.py
2025-05-31 19:09:45,821 - ERROR - Failed to analyze /home/obinexus/projects/pkg/pyics/pyics/core/registry/global/__pycache__/data_types.py: invalid syntax (<unknown>, line 27)
2025-05-31 19:09:45,821 - INFO - Analyzing structures in core: /home/obinexus/projects/pkg/pyics/pyics/core/__pycache__/data_types.py
2025-05-31 19:09:45,822 - WARNING - Structure name collision: CoreStatus in core
2025-05-31 19:09:45,822 - WARNING - Structure name collision: CorePriority in core
2025-05-31 19:09:45,822 - WARNING - Structure name collision: CoreEntity in core
2025-05-31 19:09:45,822 - WARNING - Structure name collision: CoreConfig in core
2025-05-31 19:09:45,822 - WARNING - Structure name collision: CoreResult in core
2025-05-31 19:09:45,822 - WARNING - Structure name collision: CoreProcessor in core
2025-05-31 19:09:45,822 - WARNING - Structure name collision: CoreRepository in core
2025-05-31 19:09:45,822 - INFO - Analyzing structures in core: /home/obinexus/projects/pkg/pyics/pyics/core/transformations/data_types.py
2025-05-31 19:09:45,823 - WARNING - Structure name collision: CoreStatus in core
2025-05-31 19:09:45,823 - WARNING - Structure name collision: CorePriority in core
2025-05-31 19:09:45,823 - WARNING - Structure name collision: CoreEntity in core
2025-05-31 19:09:45,823 - WARNING - Structure name collision: CoreConfig in core
2025-05-31 19:09:45,823 - WARNING - Structure name collision: CoreResult in core
2025-05-31 19:09:45,823 - WARNING - Structure name collision: CoreProcessor in core
2025-05-31 19:09:45,823 - WARNING - Structure name collision: CoreRepository in core
2025-05-31 19:09:45,823 - INFO - Analyzing structures in transformations: /home/obinexus/projects/pkg/pyics/pyics/core/transformations/implementations/data_types.py
2025-05-31 19:09:45,824 - INFO - Analyzing structures in transformations: /home/obinexus/projects/pkg/pyics/pyics/core/transformations/tests/data_types.py
2025-05-31 19:09:45,824 - WARNING - Structure name collision: TransformationsStatus in transformations
2025-05-31 19:09:45,825 - WARNING - Structure name collision: TransformationsPriority in transformations
2025-05-31 19:09:45,825 - WARNING - Structure name collision: TransformationsEntity in transformations
2025-05-31 19:09:45,825 - WARNING - Structure name collision: TransformationsConfig in transformations
2025-05-31 19:09:45,825 - WARNING - Structure name collision: TransformationsResult in transformations
2025-05-31 19:09:45,825 - WARNING - Structure name collision: TransformationsProcessor in transformations
2025-05-31 19:09:45,825 - WARNING - Structure name collision: TransformationsRepository in transformations
2025-05-31 19:09:45,825 - INFO - Analyzing structures in transformations: /home/obinexus/projects/pkg/pyics/pyics/core/transformations/interfaces/data_types.py
2025-05-31 19:09:45,825 - WARNING - Structure name collision: TransformationsStatus in transformations
2025-05-31 19:09:45,825 - WARNING - Structure name collision: TransformationsPriority in transformations
2025-05-31 19:09:45,825 - WARNING - Structure name collision: TransformationsEntity in transformations
2025-05-31 19:09:45,826 - WARNING - Structure name collision: TransformationsConfig in transformations
2025-05-31 19:09:45,826 - WARNING - Structure name collision: TransformationsResult in transformations
2025-05-31 19:09:45,826 - WARNING - Structure name collision: TransformationsProcessor in transformations
2025-05-31 19:09:45,826 - WARNING - Structure name collision: TransformationsRepository in transformations
2025-05-31 19:09:45,826 - INFO - Analyzing structures in refactored: /home/obinexus/projects/pkg/pyics/refactored/core/data_types.py
2025-05-31 19:09:45,826 - INFO - Analyzing structures in core: /home/obinexus/projects/pkg/pyics/refactored/core/primitives/data_types.py
2025-05-31 19:09:45,828 - INFO - Analyzing structures in primitives: /home/obinexus/projects/pkg/pyics/refactored/core/primitives/__pycache__/data_types.py
2025-05-31 19:09:45,829 - WARNING - Structure name collision: PrimitivesStatus in primitives
2025-05-31 19:09:45,829 - WARNING - Structure name collision: PrimitivesPriority in primitives
2025-05-31 19:09:45,829 - WARNING - Structure name collision: PrimitivesEntity in primitives
2025-05-31 19:09:45,829 - WARNING - Structure name collision: PrimitivesConfig in primitives
2025-05-31 19:09:45,829 - WARNING - Structure name collision: PrimitivesResult in primitives
2025-05-31 19:09:45,829 - WARNING - Structure name collision: PrimitivesProcessor in primitives
2025-05-31 19:09:45,829 - WARNING - Structure name collision: PrimitivesRepository in primitives
2025-05-31 19:09:45,829 - INFO - Integration complete: 184 structures from 34 domains
2025-05-31 19:09:45,830 - INFO - Enhanced structure registry generated: pyics/core/registry/structure_registry.py
2025-05-31 19:09:45,830 - INFO - ======================================================================
2025-05-31 19:09:45,830 - INFO - ENHANCED INTEGRATION SUMMARY
2025-05-31 19:09:45,830 - INFO -  Structures Discovered: 184
2025-05-31 19:09:45,830 - INFO -  Domains Processed: 34
2025-05-31 19:09:45,831 - INFO -  Domains Scaffolded: 34
2025-05-31 19:09:45,831 - INFO -  Modules Scaffolded: 238
2025-05-31 19:09:45,831 - INFO -  Enhanced Registry Generated: pyics/core/registry/structure_registry.py
2025-05-31 19:09:45,831 - INFO -  Log File: structure_integration_20250531_190945.log
2025-05-31 19:09:45,831 - INFO - ======================================================================
2025-05-31 19:09:45,831 - INFO - Structure Type Breakdown:
2025-05-31 19:09:45,831 - INFO -   enum: 52
2025-05-31 19:09:45,831 - INFO -   dataclass: 79
2025-05-31 19:09:45,831 - INFO -   protocol: 53
2025-05-31 19:09:45,831 - INFO - Compute Type Distribution:
2025-05-31 19:09:45,831 - INFO -   static: 131
2025-05-31 19:09:45,831 - INFO -   interface: 53
2025-05-31 19:09:45,831 - INFO - Scaffolded Domains:
2025-05-31 19:09:45,831 - INFO -    composition
2025-05-31 19:09:45,831 - INFO -    core
2025-05-31 19:09:45,831 - INFO -    logic
2025-05-31 19:09:45,831 - INFO -    logic/composition
2025-05-31 19:09:45,831 - INFO -    logic/functional
2025-05-31 19:09:45,831 - INFO -    logic/mathematical
2025-05-31 19:09:45,831 - INFO -    primitives
2025-05-31 19:09:45,831 - INFO -    protocols
2025-05-31 19:09:45,831 - INFO -    protocols/compliance
2025-05-31 19:09:45,831 - INFO -    protocols/contracts
2025-05-31 19:09:45,831 - INFO -    protocols/interfaces
2025-05-31 19:09:45,832 - INFO -    pyics
2025-05-31 19:09:45,832 - INFO -    refactored
2025-05-31 19:09:45,832 - INFO -    registry/global
2025-05-31 19:09:45,832 - INFO -    registry/migration
2025-05-31 19:09:45,832 - INFO -    registry/versioned
2025-05-31 19:09:45,832 - INFO -    routing
2025-05-31 19:09:45,832 - INFO -    safety
2025-05-31 19:09:45,832 - INFO -    structures
2025-05-31 19:09:45,832 - INFO -    structures/audit
2025-05-31 19:09:45,832 - INFO -    structures/calendars
2025-05-31 19:09:45,832 - INFO -    structures/distribution
2025-05-31 19:09:45,832 - INFO -    structures/events
2025-05-31 19:09:45,832 - INFO -    transformations
2025-05-31 19:09:45,832 - INFO -    transforms
2025-05-31 19:09:45,832 - INFO -    transforms/aggregation
2025-05-31 19:09:45,832 - INFO -    transforms/formatting
2025-05-31 19:09:45,832 - INFO -    transforms/pipeline
2025-05-31 19:09:45,832 - INFO -    transforms/validation
2025-05-31 19:09:45,832 - INFO -    validation
2025-05-31 19:09:45,832 - INFO -    validation/integrity
2025-05-31 19:09:45,832 - INFO -    validation/performance
2025-05-31 19:09:45,832 - INFO -    validation/purity
2025-05-31 19:09:45,833 - INFO -    validators
2025-05-31 19:09:45,833 - INFO -  Next Phase: Enhanced registry validation and modular integration testing
2025-05-31 19:09:45,833 - INFO -  ACEO Status: Core extension operations completed successfully
